Build started 15-12-2016 13:24:05.
     1>Project "C:\ualbertabot\BuildOrderService\BuildOrderService.vcxproj" on node 2 (Build target(s)).
     1>ClCompile:
         C:\Program Files (x86)\Microsoft Visual Studio 12.0\VC\bin\CL.exe /c /IC:\libs\boost_1_60_0 /Zi /nologo /W3 /WX- /sdl /O2 /Oi /Oy- /GL /D WIN32 /D NDEBUG /D _CONSOLE /D _LIB /D _UNICODE /D UNICODE /Gm- /EHsc /MD /GS /Gy /fp:precise /Zc:wchar_t /Zc:forScope /Fo"Release\\" /Fd"Release\vc120.pdb" /Gd /TP /analyze- /errorReport:prompt BuildOrderService.cpp HttpClient.cpp test.cpp
         BuildOrderService.cpp
         Please define _WIN32_WINNT or _WIN32_WINDOWS appropriately. For example:
         - add -D_WIN32_WINNT=0x0501 to the compiler command line; or
         - add _WIN32_WINNT=0x0501 to your project's Preprocessor Definitions.
         Assuming _WIN32_WINNT=0x0501 (i.e. Windows XP target).
         HttpClient.cpp
         Please define _WIN32_WINNT or _WIN32_WINDOWS appropriately. For example:
         - add -D_WIN32_WINNT=0x0501 to the compiler command line; or
         - add _WIN32_WINNT=0x0501 to your project's Preprocessor Definitions.
         Assuming _WIN32_WINNT=0x0501 (i.e. Windows XP target).
         test.cpp
       Link:
         C:\Program Files (x86)\Microsoft Visual Studio 12.0\VC\bin\link.exe /ERRORREPORT:PROMPT /OUT:"C:\ualbertabot\UAlbertaBot\VisualStudio\Release\BuildOrderService.exe" /INCREMENTAL:NO /NOLOGO /LIBPATH:C:\libs\boost_1_60_0\stage\lib kernel32.lib user32.lib gdi32.lib winspool.lib comdlg32.lib advapi32.lib shell32.lib ole32.lib oleaut32.lib uuid.lib odbc32.lib odbccp32.lib /MANIFEST /MANIFESTUAC:"level='asInvoker' uiAccess='false'" /manifest:embed /DEBUG /PDB:"C:\ualbertabot\UAlbertaBot\VisualStudio\Release\BuildOrderService.pdb" /SUBSYSTEM:CONSOLE /OPT:REF /OPT:ICF /LTCG /TLBID:1 /DYNAMICBASE /NXCOMPAT /IMPLIB:"C:\ualbertabot\UAlbertaBot\VisualStudio\Release\BuildOrderService.lib" /MACHINE:X86 /SAFESEH Release\BuildOrderService.obj
         Release\HttpClient.obj
         Release\test.obj
         Generating code
         Finished generating code
         BuildOrderService.vcxproj -> C:\ualbertabot\UAlbertaBot\VisualStudio\Release\BuildOrderService.exe
     1>Done Building Project "C:\ualbertabot\BuildOrderService\BuildOrderService.vcxproj" (Build target(s)).

Build succeeded.

Time Elapsed 00:00:10.28
