c:\ualbertabot\service\debug\service.pch
c:\ualbertabot\service\debug\vc120.pdb
c:\ualbertabot\service\debug\stdafx.obj
c:\ualbertabot\service\debug\service.obj
c:\ualbertabot\service\debug\assemblyinfo.obj
c:\ualbertabot\service\debug\.netframework,version=v4.5.assemblyattributes.obj
c:\ualbertabot\service\debug\httpclient.obj
c:\ualbertabot\ualbertabot\visualstudio\debug\service.dll
c:\ualbertabot\ualbertabot\visualstudio\debug\service.pdb
c:\ualbertabot\service\debug\app.res
c:\ualbertabot\service\debug\service.vcxprojresolveassemblyreference.cache
c:\ualbertabot\service\debug\service.tlog\cl.command.1.tlog
c:\ualbertabot\service\debug\service.tlog\cl.read.1.tlog
c:\ualbertabot\service\debug\service.tlog\cl.write.1.tlog
c:\ualbertabot\service\debug\service.tlog\link.command.1.tlog
c:\ualbertabot\service\debug\service.tlog\link.read.1.tlog
c:\ualbertabot\service\debug\service.tlog\link.write.1.tlog
c:\ualbertabot\service\debug\service.tlog\metagen.read.1.tlog
c:\ualbertabot\service\debug\service.tlog\metagen.write.1.tlog
c:\ualbertabot\service\debug\service.tlog\rc.command.1.tlog
c:\ualbertabot\service\debug\service.tlog\rc.read.1.tlog
c:\ualbertabot\service\debug\service.tlog\rc.write.1.tlog
c:\ualbertabot\service\debug\service.tlog\rsaenh.dll.bi
c:\ualbertabot\service\debug\service.tlog\tzres.dll.bi
