c:\ualbertabot\buildorderservice\debug\vc120.pdb
c:\ualbertabot\buildorderservice\debug\vc120.idb
c:\ualbertabot\buildorderservice\debug\buildorderservice.obj
c:\ualbertabot\buildorderservice\debug\httpclient.obj
c:\ualbertabot\buildorderservice\debug\test.obj
c:\ualbertabot\ualbertabot\visualstudio\debug\buildorderservice.pdb
c:\ualbertabot\buildorderservice\debug\buildord.ae80772f.tlog\cl.command.1.tlog
c:\ualbertabot\buildorderservice\debug\buildord.ae80772f.tlog\cl.read.1.tlog
c:\ualbertabot\buildorderservice\debug\buildord.ae80772f.tlog\cl.write.1.tlog
c:\ualbertabot\buildorderservice\debug\buildord.ae80772f.tlog\link-cvtres.read.1.tlog
c:\ualbertabot\buildorderservice\debug\buildord.ae80772f.tlog\link-cvtres.write.1.tlog
c:\ualbertabot\buildorderservice\debug\buildord.ae80772f.tlog\link-rc.read.1.tlog
c:\ualbertabot\buildorderservice\debug\buildord.ae80772f.tlog\link-rc.write.1.tlog
c:\ualbertabot\buildorderservice\debug\buildord.ae80772f.tlog\link.4540-cvtres.read.1.tlog
c:\ualbertabot\buildorderservice\debug\buildord.ae80772f.tlog\link.4540-cvtres.write.1.tlog
c:\ualbertabot\buildorderservice\debug\buildord.ae80772f.tlog\link.4540-rc.read.1.tlog
c:\ualbertabot\buildorderservice\debug\buildord.ae80772f.tlog\link.4540-rc.write.1.tlog
c:\ualbertabot\buildorderservice\debug\buildord.ae80772f.tlog\link.4540.read.1.tlog
c:\ualbertabot\buildorderservice\debug\buildord.ae80772f.tlog\link.4540.write.1.tlog
c:\ualbertabot\buildorderservice\debug\buildord.ae80772f.tlog\link.command.1.tlog
c:\ualbertabot\buildorderservice\debug\buildord.ae80772f.tlog\link.read.1.tlog
c:\ualbertabot\buildorderservice\debug\buildord.ae80772f.tlog\link.write.1.tlog
